time=2024-08-11T13:34:39.492+05:00 level=ERROR msg="Failed to add medical record error rpc error: code = Unavailable desc = connection error: desc = \"transport: Error while dialing: dial tcp [::1]:50052: connectex: No connection could be made because the target machine actively refused it.\""
time=2024-08-11T13:35:58.947+05:00 level=ERROR msg="Failed to add medical record error rpc error: code = Unavailable desc = connection error: desc = \"transport: Error while dialing: dial tcp [::1]:50052: connectex: No connection could be made because the target machine actively refused it.\""
time=2024-08-11T13:36:10.668+05:00 level=ERROR msg="Failed to add medical record error rpc error: code = Unavailable desc = connection error: desc = \"transport: Error while dialing: dial tcp [::1]:50052: connectex: No connection could be made because the target machine actively refused it.\""
time=2024-08-11T13:46:39.033+05:00 level=ERROR msg="Failed to add medical record error rpc error: code = Unavailable desc = connection error: desc = \"transport: Error while dialing: dial tcp [::1]:50052: connectex: No connection could be made because the target machine actively refused it.\""
time=2024-08-11T13:46:55.740+05:00 level=ERROR msg="Failed to add medical record error rpc error: code = Unavailable desc = connection error: desc = \"transport: Error while dialing: dial tcp [::1]:50052: connectex: No connection could be made because the target machine actively refused it.\""
time=2024-08-11T13:51:43.167+05:00 level=ERROR msg="HealthService yuborishda xatolik: rpc error: code = Unknown desc = tibbiy yozuv topilmadi"
time=2024-08-11T14:39:58.735+05:00 level=ERROR msg="Failed to add medical record error rpc error: code = Unavailable desc = connection error: desc = \"transport: Error while dialing: dial tcp [::1]:50052: connectex: No connection could be made because the target machine actively refused it.\""
time=2024-08-11T14:40:59.462+05:00 level=ERROR msg="Failed to add medical record error rpc error: code = Unavailable desc = connection error: desc = \"transport: Error while dialing: dial tcp [::1]:50052: connectex: No connection could be made because the target machine actively refused it.\""
time=2024-08-11T14:41:09.013+05:00 level=ERROR msg="Failed to add medical record error rpc error: code = Unavailable desc = connection error: desc = \"transport: Error while dialing: dial tcp [::1]:50052: connectex: No connection could be made because the target machine actively refused it.\""
time=2024-08-11T14:49:50.574+05:00 level=ERROR msg="Failed to add medical record error rpc error: code = Unavailable desc = connection error: desc = \"transport: Error while dialing: dial tcp [::1]:50052: connectex: No connection could be made because the target machine actively refused it.\""
time=2024-08-11T14:51:11.951+05:00 level=ERROR msg="UpdateMedicalRecord yuborishda xatolik: rpc error: code = Unknown desc = tibbiy yozuv topilmadi"
time=2024-08-12T09:35:35.704+05:00 level=ERROR msg="GetRealtimeHealthMonitoring yuborishda xatolik: rpc error: code = Unknown desc = realtime health monitoring not found"
time=2024-08-12T09:38:05.085+05:00 level=ERROR msg="GetRealtimeHealthMonitoring yuborishda xatolik: rpc error: code = Unknown desc = realtime health monitoring not found"
time=2024-08-12T11:05:05.071+05:00 level=ERROR msg="GetLifestyleData yuborishda xatolik: rpc error: code = Unknown desc = turmush tarzi ma'lumotlari topilmadi"
time=2024-08-12T11:22:11.080+05:00 level=ERROR msg="GetLifestyleData yuborishda xatolik: rpc error: code = Unknown desc = turmush tarzi ma'lumotlari topilmadi"
time=2024-08-12T11:22:27.098+05:00 level=ERROR msg="UpdateLifestyleData yuborishda xatolik: rpc error: code = Unknown desc = turmush tarzi ma'lumotlari topilmadi"
time=2024-08-12T11:22:58.182+05:00 level=ERROR msg="UpdateLifestyleData yuborishda xatolik: rpc error: code = Unknown desc = turmush tarzi ma'lumotlari topilmadi"
time=2024-08-12T11:28:24.349+05:00 level=ERROR msg="HealthService yuborishda xatolik: rpc error: code = Unknown desc = tibbiy yozuv topilmadi"
time=2024-08-12T11:52:40.066+05:00 level=ERROR msg="GetWearableData yuborishda xatolik: rpc error: code = Unknown desc = kiyiladigan qurilma ma'lumotlari topilmadi"
time=2024-08-12T11:52:50.124+05:00 level=ERROR msg="UpdateWearableData yuborishda xatolik: rpc error: code = Unknown desc = kiyiladigan qurilma ma'lumotlari topilmadi"
time=2024-08-12T14:46:52.847+05:00 level=WARN msg="Foydalanuvchi ID topilmadi: string"
time=2024-08-12T14:47:32.178+05:00 level=WARN msg="Foydalanuvchi ID topilmadi: string"
time=2024-08-12T14:47:46.033+05:00 level=WARN msg="Foydalanuvchi ID topilmadi: string"
time=2024-08-12T14:47:57.693+05:00 level=WARN msg="Foydalanuvchi ID topilmadi: string"
